<?xml version="1.0" encoding="UTF-8"?>
<robot generator="Robot 6.0 (Python 3.10.2 on win32)" generated="20230203 16:52:15.567" rpa="false" schemaversion="3">
<suite id="s1" name="Demo1 Suite" source="C:\Mine\Company\Citi4\robot_project\api_suite\demo1_suite.robot">
<kw name="Create Session" library="RequestsLibrary" type="SETUP">
<arg>alias=petshop</arg>
<arg>url=https://petstore.swagger.io/v2</arg>
<doc>Create Session: create a HTTP session to a server</doc>
<msg timestamp="20230203 16:52:15.944" level="INFO">Creating Session using : alias=petshop, url=https://petstore.swagger.io/v2, headers={},                     cookies={}, auth=None, timeout=None, proxies=None, verify=False,                     debug=0 </msg>
<status status="PASS" starttime="20230203 16:52:15.943" endtime="20230203 16:52:15.948"/>
</kw>
<test id="s1-t1" name="TC5 Delete Valid Pet" line="47">
<kw name="Create Dictionary" library="BuiltIn">
<var>&amp;{headers}</var>
<arg>api_key=abc123</arg>
<doc>Creates and returns a dictionary based on the given ``items``.</doc>
<msg timestamp="20230203 16:52:15.951" level="INFO">&amp;{headers} = { api_key=abc123 }</msg>
<status status="PASS" starttime="20230203 16:52:15.950" endtime="20230203 16:52:15.951"/>
</kw>
<kw name="DELETE On Session" library="RequestsLibrary">
<var>${response}</var>
<arg>alias=petshop</arg>
<arg>url=pet/20051</arg>
<arg>headers=${headers}</arg>
<doc>Sends a DELETE request on a previously created HTTP Session.</doc>
<msg timestamp="20230203 16:52:16.893" level="INFO">DELETE Request : url=https://petstore.swagger.io/v2/pet/20051 
 path_url=/v2/pet/20051 
 headers={'User-Agent': 'python-requests/2.28.1', 'Accept-Encoding': 'gzip, deflate', 'Accept': '*/*', 'Connection': 'keep-alive', 'api_key': 'abc123', 'Content-Length': '0'} 
 body=None 
 </msg>
<msg timestamp="20230203 16:52:16.894" level="INFO">DELETE Response : url=https://petstore.swagger.io/v2/pet/20051 
 status=404, reason=Not Found 
 headers={'Date': 'Fri, 03 Feb 2023 11:22:17 GMT', 'Content-Length': '0', 'Connection': 'keep-alive', 'Access-Control-Allow-Origin': '*', 'Access-Control-Allow-Methods': 'GET, POST, DELETE, PUT', 'Access-Control-Allow-Headers': 'Content-Type, api_key, Authorization', 'Server': 'Jetty(9.2.9.v20150224)'} 
 body=None 
 </msg>
<msg timestamp="20230203 16:52:16.894" level="INFO">C:\Program Files\Python310\lib\site-packages\urllib3\connectionpool.py:1043: InsecureRequestWarning: Unverified HTTPS request is being made to host 'petstore.swagger.io'. Adding certificate verification is strongly advised. See: https://urllib3.readthedocs.io/en/1.26.x/advanced-usage.html#ssl-warnings
  warnings.warn(</msg>
<msg timestamp="20230203 16:52:16.894" level="FAIL">HTTPError: 404 Client Error: Not Found for url: https://petstore.swagger.io/v2/pet/20051</msg>
<status status="FAIL" starttime="20230203 16:52:15.952" endtime="20230203 16:52:16.899"/>
</kw>
<kw name="Log" library="BuiltIn">
<arg>${response.json()}</arg>
<doc>Logs the given message with the given level.</doc>
<status status="NOT RUN" starttime="20230203 16:52:16.900" endtime="20230203 16:52:16.900"/>
</kw>
<kw name="Log" library="BuiltIn">
<arg>${response.json()}[message]</arg>
<doc>Logs the given message with the given level.</doc>
<status status="NOT RUN" starttime="20230203 16:52:16.901" endtime="20230203 16:52:16.901"/>
</kw>
<kw name="Status Should Be" library="RequestsLibrary">
<arg>200</arg>
<doc>Fails if response status code is different than the expected.</doc>
<status status="NOT RUN" starttime="20230203 16:52:16.901" endtime="20230203 16:52:16.902"/>
</kw>
<status status="FAIL" starttime="20230203 16:52:15.948" endtime="20230203 16:52:16.902">HTTPError: 404 Client Error: Not Found for url: https://petstore.swagger.io/v2/pet/20051</status>
</test>
<status status="FAIL" starttime="20230203 16:52:15.573" endtime="20230203 16:52:16.903"/>
</suite>
<statistics>
<total>
<stat pass="0" fail="1" skip="0">All Tests</stat>
</total>
<tag>
</tag>
<suite>
<stat pass="0" fail="1" skip="0" id="s1" name="Demo1 Suite">Demo1 Suite</stat>
</suite>
</statistics>
<errors>
</errors>
</robot>
