<?xml version="1.0" encoding="UTF-8"?>
<robot generator="Robot 6.0 (Python 3.10.2 on win32)" generated="20230131 15:53:25.623" rpa="false" schemaversion="3">
<suite id="s1" name="Valid Login Suite" source="C:\Mine\Company\Citi4\robot_project\tests\valid_login_suite.robot">
<test id="s1-t1" name="Valid Login Test" line="8">
<kw name="Launch Browser And Navigate To Url" library="common_functionalities" type="SETUP">
<kw name="Open Browser" library="SeleniumLibrary">
<arg>browser=${BROWSER_NAME}</arg>
<doc>Opens a new browser instance to the optional ``url``.</doc>
<msg timestamp="20230131 15:53:25.928" level="INFO">Opening browser 'chrome' to base url 'None'.</msg>
<status status="PASS" starttime="20230131 15:53:25.927" endtime="20230131 15:53:27.296"/>
</kw>
<kw name="Maximize Browser Window" library="SeleniumLibrary">
<doc>Maximizes current browser window.</doc>
<status status="PASS" starttime="20230131 15:53:27.296" endtime="20230131 15:53:27.409"/>
</kw>
<kw name="Set Selenium Implicit Wait" library="SeleniumLibrary">
<arg>5s</arg>
<doc>Sets the implicit wait value used by Selenium.</doc>
<status status="PASS" starttime="20230131 15:53:27.410" endtime="20230131 15:53:27.412"/>
</kw>
<kw name="Go To" library="SeleniumLibrary">
<arg>url=${url}</arg>
<doc>Navigates the current browser window to the provided ``url``.</doc>
<msg timestamp="20230131 15:53:27.412" level="INFO">Opening url 'https://demo.openemr.io/b/openemr'</msg>
<status status="PASS" starttime="20230131 15:53:27.412" endtime="20230131 15:53:33.481"/>
</kw>
<status status="PASS" starttime="20230131 15:53:25.926" endtime="20230131 15:53:33.481"/>
</kw>
<kw name="Input Text" library="SeleniumLibrary">
<arg>css=#authUser12</arg>
<arg>admin</arg>
<doc>Types the given ``text`` into the text field identified by ``locator``.</doc>
<msg timestamp="20230131 15:53:33.483" level="INFO">Typing text 'admin' into text field 'css=#authUser12'.</msg>
<msg timestamp="20230131 15:53:38.661" level="INFO" html="true">&lt;/td&gt;&lt;/tr&gt;&lt;tr&gt;&lt;td colspan="3"&gt;&lt;a href="selenium-screenshot-3.png"&gt;&lt;img src="selenium-screenshot-3.png" width="800px"&gt;&lt;/a&gt;</msg>
<msg timestamp="20230131 15:53:38.661" level="FAIL">Element with locator 'css=#authUser12' not found.</msg>
<status status="FAIL" starttime="20230131 15:53:33.482" endtime="20230131 15:53:38.663"/>
</kw>
<kw name="Input Password" library="SeleniumLibrary">
<arg>id=clearPass</arg>
<arg>pass</arg>
<doc>Types the given password into the text field identified by ``locator``.</doc>
<status status="NOT RUN" starttime="20230131 15:53:38.664" endtime="20230131 15:53:38.664"/>
</kw>
<kw name="Click Element" library="SeleniumLibrary">
<arg>id=login-button</arg>
<doc>Click the element identified by ``locator``.</doc>
<status status="NOT RUN" starttime="20230131 15:53:38.664" endtime="20230131 15:53:38.664"/>
</kw>
<kw name="Title Should Be" library="SeleniumLibrary">
<arg>OpenEMR</arg>
<doc>Verifies that the current page title equals ``title``.</doc>
<status status="NOT RUN" starttime="20230131 15:53:38.664" endtime="20230131 15:53:38.664"/>
</kw>
<kw name="Close Browser" library="SeleniumLibrary" type="TEARDOWN">
<doc>Closes the current browser.</doc>
<status status="PASS" starttime="20230131 15:53:38.665" endtime="20230131 15:53:40.767"/>
</kw>
<status status="FAIL" starttime="20230131 15:53:25.926" endtime="20230131 15:53:40.767">Element with locator 'css=#authUser12' not found.</status>
</test>
<status status="FAIL" starttime="20230131 15:53:25.627" endtime="20230131 15:53:40.769"/>
</suite>
<statistics>
<total>
<stat pass="0" fail="1" skip="0">All Tests</stat>
</total>
<tag>
</tag>
<suite>
<stat pass="0" fail="1" skip="0" id="s1" name="Valid Login Suite">Valid Login Suite</stat>
</suite>
</statistics>
<errors>
</errors>
</robot>
