<?xml version="1.0" encoding="UTF-8"?>
<robot generator="Robot 6.0 (Python 3.10.2 on win32)" generated="20230131 15:31:19.694" rpa="false" schemaversion="3">
<suite id="s1" name="Demo7 Frame" source="C:\Mine\Company\Citi4\robot_project\selenium_suite\demo7_frame.robot">
<test id="s1-t1" name="TC1" line="5">
<kw name="Open Browser" library="SeleniumLibrary">
<arg>browser=chrome</arg>
<doc>Opens a new browser instance to the optional ``url``.</doc>
<msg timestamp="20230131 15:31:19.980" level="INFO">Opening browser 'chrome' to base url 'None'.</msg>
<status status="PASS" starttime="20230131 15:31:19.979" endtime="20230131 15:31:21.370"/>
</kw>
<kw name="Maximize Browser Window" library="SeleniumLibrary">
<doc>Maximizes current browser window.</doc>
<status status="PASS" starttime="20230131 15:31:21.371" endtime="20230131 15:31:21.494"/>
</kw>
<kw name="Set Selenium Implicit Wait" library="SeleniumLibrary">
<arg>10s</arg>
<doc>Sets the implicit wait value used by Selenium.</doc>
<status status="PASS" starttime="20230131 15:31:21.494" endtime="20230131 15:31:21.496"/>
</kw>
<kw name="Go To" library="SeleniumLibrary">
<arg>url=https://netbanking.hdfcbank.com/netbanking/</arg>
<doc>Navigates the current browser window to the provided ``url``.</doc>
<msg timestamp="20230131 15:31:21.497" level="INFO">Opening url 'https://netbanking.hdfcbank.com/netbanking/'</msg>
<status status="PASS" starttime="20230131 15:31:21.497" endtime="20230131 15:31:23.071"/>
</kw>
<kw name="Select Frame" library="SeleniumLibrary">
<arg>xpath=//frame[@name='login_page']</arg>
<doc>Sets frame identified by ``locator`` as the current frame.</doc>
<msg timestamp="20230131 15:31:23.072" level="INFO">Selecting frame 'xpath=//frame[@name='login_page']'.</msg>
<status status="PASS" starttime="20230131 15:31:23.071" endtime="20230131 15:31:23.105"/>
</kw>
<kw name="Input Text" library="SeleniumLibrary">
<arg>name=fldLoginUserId</arg>
<arg>hello123</arg>
<doc>Types the given ``text`` into the text field identified by ``locator``.</doc>
<msg timestamp="20230131 15:31:23.106" level="INFO">Typing text 'hello123' into text field 'name=fldLoginUserId'.</msg>
<status status="PASS" starttime="20230131 15:31:23.106" endtime="20230131 15:31:23.181"/>
</kw>
<kw name="Click Element" library="SeleniumLibrary">
<arg>link=CONTINUE</arg>
<doc>Click the element identified by ``locator``.</doc>
<msg timestamp="20230131 15:31:23.182" level="INFO">Clicking element 'link=CONTINUE'.</msg>
<status status="PASS" starttime="20230131 15:31:23.181" endtime="20230131 15:31:23.524"/>
</kw>
<kw name="Unselect Frame" library="SeleniumLibrary">
<doc>Sets the main frame as the current frame.</doc>
<status status="PASS" starttime="20230131 15:31:23.525" endtime="20230131 15:31:24.706"/>
</kw>
<status status="PASS" starttime="20230131 15:31:19.979" endtime="20230131 15:31:24.707"/>
</test>
<status status="PASS" starttime="20230131 15:31:19.697" endtime="20230131 15:31:24.708"/>
</suite>
<statistics>
<total>
<stat pass="1" fail="0" skip="0">All Tests</stat>
</total>
<tag>
</tag>
<suite>
<stat pass="1" fail="0" skip="0" id="s1" name="Demo7 Frame">Demo7 Frame</stat>
</suite>
</statistics>
<errors>
</errors>
</robot>
